

============================================================
SciTeX Verify Module - Multi-Script Pipeline Demo
============================================================
[0;90mINFO: Log file: /home/ywatanabe/proj/scitex-python/examples/scitex/verify/.00_run_all.sh.log[0m

[0;90mINFO: Cleaning output directories...[0m
[0;32mSUCC: Done.[0m

[0;94m[1/8] Source A (with config)[0m
------------------------------------------------------------
[94m
========================================
SciTeX v2.16.0 | 2026Y-02M-01D-08h55m22s_bFYA (PID: 1726015)

/home/ywatanabe/proj/scitex-python/examples/scitex/verify/01_source_a.py

Arguments:
    n_samples: 200
========================================
[0m
INFO: Generating source A
SUCC: Saved to: ./01_source_a_out/source_A.csv (4.7 KiB)
SUCC: Saved to: ./01_source_a_out/config_A.json (65.0 B)
INFO: Generated 200 samples for source A

SUCC: Congratulations! The script completed: /home/ywatanabe/proj/scitex-python/examples/scitex/verify/01_source_a_out/FINISHED_SUCCESS/2026Y-02M-01D-08h55m22s_bFYA-main

[0;94m[2/8] Preprocess A[0m
------------------------------------------------------------
[94m
========================================
SciTeX v2.16.0 | 2026Y-02M-01D-08h55m46s_0KFa (PID: 1727256)

/home/ywatanabe/proj/scitex-python/examples/scitex/verify/02_preprocess_a.py

Arguments:
    input_file: None
    config_file: None
========================================
[0m
INFO: Preprocessing source A
SUCC: Saved to: ./02_preprocess_a_out/clean_A.csv (2.6 KiB)
INFO: Preprocessed 100 rows from source A

SUCC: Congratulations! The script completed: /home/ywatanabe/proj/scitex-python/examples/scitex/verify/02_preprocess_a_out/FINISHED_SUCCESS/2026Y-02M-01D-08h55m46s_0KFa-main

[0;94m[3/8] Source B[0m
------------------------------------------------------------
[94m
========================================
SciTeX v2.16.0 | 2026Y-02M-01D-08h56m04s_MI1c (PID: 1728613)

/home/ywatanabe/proj/scitex-python/examples/scitex/verify/03_source_b.py

Arguments:
    n_samples: 300
========================================
[0m
INFO: Generating source B
SUCC: Saved to: ./03_source_b_out/source_B.csv (7.0 KiB)
INFO: Generated 300 samples for source B

SUCC: Congratulations! The script completed: /home/ywatanabe/proj/scitex-python/examples/scitex/verify/03_source_b_out/FINISHED_SUCCESS/2026Y-02M-01D-08h56m04s_MI1c-main

[0;94m[4/8] Preprocess B[0m
------------------------------------------------------------
[94m
========================================
SciTeX v2.16.0 | 2026Y-02M-01D-08h56m22s_8myN (PID: 1729811)

/home/ywatanabe/proj/scitex-python/examples/scitex/verify/04_preprocess_b.py

Arguments:
    input_file: None
========================================
[0m
INFO: Preprocessing source B
SUCC: Saved to: ./04_preprocess_b_out/clean_B.csv (6.7 KiB)
INFO: Preprocessed 268 rows from source B

SUCC: Congratulations! The script completed: /home/ywatanabe/proj/scitex-python/examples/scitex/verify/04_preprocess_b_out/FINISHED_SUCCESS/2026Y-02M-01D-08h56m22s_8myN-main

[0;94m[5/8] Source C[0m
------------------------------------------------------------
[94m
========================================
SciTeX v2.16.0 | 2026Y-02M-01D-08h56m42s_rZAC (PID: 1730767)

/home/ywatanabe/proj/scitex-python/examples/scitex/verify/05_source_c.py

Arguments:
    n_samples: 250
========================================
[0m
INFO: Generating source C
SUCC: Saved to: ./05_source_c_out/source_C.csv (5.7 KiB)
INFO: Generated 250 samples for source C

SUCC: Congratulations! The script completed: /home/ywatanabe/proj/scitex-python/examples/scitex/verify/05_source_c_out/FINISHED_SUCCESS/2026Y-02M-01D-08h56m42s_rZAC-main

[0;94m[6/8] Preprocess C[0m
------------------------------------------------------------
[94m
========================================
SciTeX v2.16.0 | 2026Y-02M-01D-08h56m59s_89Fn (PID: 1731763)

/home/ywatanabe/proj/scitex-python/examples/scitex/verify/06_preprocess_c.py

Arguments:
    input_file: None
========================================
[0m
INFO: Preprocessing source C
SUCC: Saved to: ./06_preprocess_c_out/clean_C.csv (4.5 KiB)
INFO: Preprocessed 182 rows from source C

SUCC: Congratulations! The script completed: /home/ywatanabe/proj/scitex-python/examples/scitex/verify/06_preprocess_c_out/FINISHED_SUCCESS/2026Y-02M-01D-08h56m59s_89Fn-main

[0;94m[7/8] Merge all branches[0m
------------------------------------------------------------
[94m
========================================
SciTeX v2.16.0 | 2026Y-02M-01D-08h57m19s_yQu9 (PID: 1732920)

/home/ywatanabe/proj/scitex-python/examples/scitex/verify/07_merge.py

Arguments:
    input_a: None
    input_b: None
    input_c: None
========================================
[0m
INFO: Merging all branches
SUCC: Saved to: ./07_merge_out/final.csv (23.6 KiB)
INFO: Merged 550 total rows from 3 sources

SUCC: Congratulations! The script completed: /home/ywatanabe/proj/scitex-python/examples/scitex/verify/07_merge_out/FINISHED_SUCCESS/2026Y-02M-01D-08h57m19s_yQu9-main

[0;94m[8/8] Analyze final data[0m
------------------------------------------------------------
[94m
========================================
SciTeX v2.16.0 | 2026Y-02M-01D-08h57m37s_gVzK (PID: 1733876)

/home/ywatanabe/proj/scitex-python/examples/scitex/verify/08_analyze.py

Arguments:
    input_file: None
========================================
[0m
INFO: Analyzing final merged data
SUCC: Saved to: ./08_analyze_out/stats_by_source.csv (171.0 B)
SUCC: Saved to: ./08_analyze_out/report.json (279.0 B)
INFO: Analysis complete

SUCC: Congratulations! The script completed: /home/ywatanabe/proj/scitex-python/examples/scitex/verify/08_analyze_out/FINISHED_SUCCESS/2026Y-02M-01D-08h57m37s_gVzK-main

============================================================
[0;32mSUCC: Pipeline complete! Now demonstrating verification states...[0m
============================================================

[0;94m[Demo] Recording rerun verification for branch A sessions...[0m
[94m
========================================
SciTeX v2.16.0 | 2026Y-02M-01D-08h57m56s_CZTP (PID: 1734907)

/home/ywatanabe/proj/scitex-python/examples/scitex/verify/09_demo_verification.py

Arguments:
    action: rerun
========================================
[0m
INFO: Recording rerun verification...
  ✓✓ source_A.csv

SUCC: Congratulations! The script completed: /home/ywatanabe/proj/scitex-python/examples/scitex/verify/09_demo_verification_out/FINISHED_SUCCESS/2026Y-02M-01D-08h57m56s_CZTP-main

[0;94m[Demo] Modifying clean_C.csv to simulate failure...[0m
[94m
========================================
SciTeX v2.16.0 | 2026Y-02M-01D-08h58m39s_fn70 (PID: 1737018)

/home/ywatanabe/proj/scitex-python/examples/scitex/verify/09_demo_verification.py

Arguments:
    action: break
========================================
[0m
INFO: Breaking chain by modifying clean_C.csv...
  Modified clean_C.csv to simulate failure

SUCC: Congratulations! The script completed: /home/ywatanabe/proj/scitex-python/examples/scitex/verify/09_demo_verification_out/FINISHED_SUCCESS/2026Y-02M-01D-08h58m39s_fn70-main

[0;94m[Demo] Generating DAG visualization...[0m
[94m
========================================
SciTeX v2.16.0 | 2026Y-02M-01D-08h58m57s_6bY9 (PID: 1738070)

/home/ywatanabe/proj/scitex-python/examples/scitex/verify/09_demo_verification.py

Arguments:
    action: visualize
========================================
[0m
INFO: Generating DAG visualization...
  Generated: /home/ywatanabe/proj/scitex-python/examples/scitex/verify/09_demo_verification_out/dag.html
  Generated: /home/ywatanabe/proj/scitex-python/examples/scitex/verify/09_demo_verification_out/dag.svg
  Generated: /home/ywatanabe/proj/scitex-python/examples/scitex/verify/09_demo_verification_out/dag.png

SUCC: Congratulations! The script completed: /home/ywatanabe/proj/scitex-python/examples/scitex/verify/09_demo_verification_out/FINISHED_SUCCESS/2026Y-02M-01D-08h58m57s_6bY9-main

[0;94m[Demo] Programmatic verification API...[0m
[94m
========================================
SciTeX v2.16.0 | 2026Y-02M-01D-08h59m33s_YXcS (PID: 1739928)

/home/ywatanabe/proj/scitex-python/examples/scitex/verify/10_programmatic_verification.py

Arguments:
========================================
[0m
INFO: === Database Statistics ===
INFO: Total runs: 738
INFO: Success runs: 716
INFO: Failed runs: 13

INFO: === Recent Runs ===
INFO:   2026Y-02M-01D-08h59m33s_YXcS: 10_programmatic_verification.py [running]
INFO:   2026Y-02M-01D-08h58m57s_6bY9: 09_demo_verification.py [success]
INFO:   2026Y-02M-01D-08h58m39s_fn70: 09_demo_verification.py [success]
INFO:   2026Y-02M-01D-08h58m16s_wDYF: 01_source_a.py [success]
INFO:   2026Y-02M-01D-08h57m56s_CZTP: 09_demo_verification.py [success]

INFO: === Chain Verification ===
INFO: Target: report.json
INFO: Chain length: 4
INFO: Overall status: mismatch
INFO: Is verified: False
INFO: Failed runs: 1

INFO: Runs in chain:
INFO:   ✓ 2026Y-02M-01D-08h57m37s_gVzK: 08_analyze.py
INFO:   ✗ 2026Y-02M-01D-08h57m19s_yQu9: 07_merge.py
INFO:     ✗ mismatch: clean_C.csv
INFO:   ✓ 2026Y-02M-01D-08h55m46s_0KFa: 02_preprocess_a.py
INFO:   ✓ 2026Y-02M-01D-08h55m22s_bFYA: 01_source_a.py

INFO: === Verification Summary ===
INFO: Use these commands for more details:
INFO:   scitex verify status     # Show changed items
INFO:   scitex verify list       # List all tracked runs
INFO:   scitex verify chain FILE # Trace file dependencies

SUCC: Congratulations! The script completed: /home/ywatanabe/proj/scitex-python/examples/scitex/verify/10_programmatic_verification_out/FINISHED_SUCCESS/2026Y-02M-01D-08h59m33s_YXcS-main

============================================================
[0;32mSUCC: Verification states demonstrated:[0m
============================================================
  ✓   Cache-verified (fast hash check)
  ✓✓  Rerun-verified (re-executed script)
  ✗   Failed (hash mismatch after modification)

View DAG visualization:
  file:///home/ywatanabe/proj/scitex-python/examples/scitex/verify/09_demo_verification_out/dag.html

CLI commands:
  scitex verify status     # Show changed items
  scitex verify list       # List all tracked runs
  scitex verify chain FILE # Trace file dependencies

[0;32mSUCC: Log saved to: /home/ywatanabe/proj/scitex-python/examples/scitex/verify/.00_run_all.sh.log[0m
