INFO: === Database Statistics ===
INFO: Total runs: 738
INFO: Success runs: 716
INFO: Failed runs: 13

INFO: === Recent Runs ===
INFO:   2026Y-02M-01D-08h59m33s_YXcS: 10_programmatic_verification.py [running]
INFO:   2026Y-02M-01D-08h58m57s_6bY9: 09_demo_verification.py [success]
INFO:   2026Y-02M-01D-08h58m39s_fn70: 09_demo_verification.py [success]
INFO:   2026Y-02M-01D-08h58m16s_wDYF: 01_source_a.py [success]
INFO:   2026Y-02M-01D-08h57m56s_CZTP: 09_demo_verification.py [success]

INFO: === Chain Verification ===
INFO: Target: report.json
INFO: Chain length: 4
INFO: Overall status: mismatch
INFO: Is verified: False
INFO: Failed runs: 1

INFO: Runs in chain:
INFO:   ✓ 2026Y-02M-01D-08h57m37s_gVzK: 08_analyze.py
INFO:   ✗ 2026Y-02M-01D-08h57m19s_yQu9: 07_merge.py
INFO:     ✗ mismatch: clean_C.csv
INFO:   ✓ 2026Y-02M-01D-08h55m46s_0KFa: 02_preprocess_a.py
INFO:   ✓ 2026Y-02M-01D-08h55m22s_bFYA: 01_source_a.py

INFO: === Verification Summary ===
INFO: Use these commands for more details:
INFO:   scitex verify status     # Show changed items
INFO:   scitex verify list       # List all tracked runs
INFO:   scitex verify chain FILE # Trace file dependencies
